<?xml version="1.0" encoding="UTF-8"?>
<!-- Generated by org.testng.reporters.JUnitReportReporter -->
<testsuite hostname="XOR-BAN-072" failures="0" tests="1" name="reports.ExtentReport" time="8.695" errors="0" timestamp="2020-08-11T09:41:18 IST" skipped="0">
  <testcase classname="reports.ExtentReport" name="initialDemo" time="8.695"/>
  <system-out/>
</testsuite> <!-- reports.ExtentReport -->
